<?xml version="1.0" encoding="UTF-8"?>
<!-- Generated by org.testng.reporters.JUnitXMLReporter -->
<testsuite ignored="0" hostname="DESKTOP-54PJQL5" failures="0" tests="4" name="Test1" time="19.26" errors="0" timestamp="2026-05-26T07:19:07 IST">
  <testcase classname="testScripts.LoginTest" name="verifyUserLoginWithValidCredentials" time="3.316"/>
  <testcase classname="testScripts.LoginTest" name="verifyLoginValidUsernameInvalidPassword" time="1.108"/>
  <testcase classname="testScripts.LoginTest" name="verifyInvalidUsernameValidPassword" time="1.017"/>
  <testcase classname="testScripts.LoginTest" name="verifyInvalidUsernameInvalidPassword" time="1.101"/>
</testsuite> <!-- Test1 -->
