<?xml version="1.0" encoding="UTF-8"?>
<!-- Generated by org.testng.reporters.JUnitXMLReporter -->
<testsuite ignored="2" hostname="DESKTOP-54PJQL5" failures="0" tests="2" name="Test" time="5.026" errors="0" timestamp="2026-05-25T07:15:48 IST">
  <testcase classname="testScripts.LoginTest" name="verifyUserLoginWithValidCredentials" time="0.921"/>
  <testcase classname="testScripts.LoginTest" name="verifyInvalidUsernameInvalidPassword" time="0.203"/>
  <testcase classname="testScripts.LoginTest" name="verifyLoginValidUsernameInvalidPassword" time="0.0">
    <ignored/>
  </testcase> <!-- verifyLoginValidUsernameInvalidPassword -->
  <testcase classname="testScripts.LoginTest" name="verifyInvalidUsernameValidPassword" time="0.0">
    <ignored/>
  </testcase> <!-- verifyInvalidUsernameValidPassword -->
</testsuite> <!-- Test -->
