<?xml version="1.0" encoding="UTF-8"?>
<!-- Generated by org.testng.reporters.JUnitReportReporter -->
<testsuite hostname="DESKTOP-54PJQL5" failures="0" tests="2" name="testScripts.LoginTest" time="11.522" errors="0" timestamp="2026-05-29T07:14:53 IST" skipped="0">
  <testcase classname="testScripts.LoginTest" name="verifyInvalidUsernameInvalidPassword" time="7.658"/>
  <testcase classname="testScripts.LoginTest" name="verifyInvalidUsernameInvalidPassword" time="3.864"/>
</testsuite> <!-- testScripts.LoginTest -->
