<?xml version="1.0" encoding="UTF-8"?>
<!-- Generated by org.testng.reporters.JUnitReportReporter -->
<testsuite hostname="DESKTOP-54PJQL5" failures="0" tests="3" name="testScripts.AdminUserTest" time="25.224" errors="0" timestamp="2026-05-18T08:56:35 IST" skipped="0">
  <testcase classname="testScripts.AdminUserTest" name="verifyNewUserCreationAfterSuccesfullLogin" time="10.252"/>
  <testcase classname="testScripts.AdminUserTest" name="resetUserAfterSearch" time="6.794"/>
  <testcase classname="testScripts.AdminUserTest" name="VerifyUserSearchAfterUserCreation" time="8.178"/>
</testsuite> <!-- testScripts.AdminUserTest -->
