<?xml version="1.0" encoding="UTF-8"?>
<!-- Generated by org.testng.reporters.JUnitReportReporter -->
<testsuite hostname="DESKTOP-54PJQL5" failures="0" tests="3" name="testScripts.AdminUserTest" time="14.452" errors="0" timestamp="2026-05-19T07:45:10 IST" skipped="0">
  <testcase classname="testScripts.AdminUserTest" name="verifyUserSearchAfterUserCreation" time="3.976"/>
  <testcase classname="testScripts.AdminUserTest" name="verifyNewUserCreationAfterSuccesfullLogin" time="5.009"/>
  <testcase classname="testScripts.AdminUserTest" name="resetUserAfterSearch" time="5.467"/>
</testsuite> <!-- testScripts.AdminUserTest -->
