<?xml version="1.0" encoding="UTF-8"?>
<!-- Generated by org.testng.reporters.JUnitReportReporter -->
<testsuite hostname="DESKTOP-54PJQL5" failures="0" tests="4" name="testScripts.LoginTest" time="10.428" errors="0" timestamp="2026-05-19T07:45:10 IST" skipped="0">
  <testcase classname="testScripts.LoginTest" name="verifyUserLoginWithValidCredentials" time="3.202"/>
  <testcase classname="testScripts.LoginTest" name="verifyInvalidUsernameInvalidPassword" time="2.374"/>
  <testcase classname="testScripts.LoginTest" name="verifyLoginValidUsernameInvalidPassword" time="2.668"/>
  <testcase classname="testScripts.LoginTest" name="verifyInvalidUsernameValidPassword" time="2.184"/>
</testsuite> <!-- testScripts.LoginTest -->
