<?xml version="1.0" encoding="UTF-8"?>
<!-- Generated by org.testng.reporters.JUnitXMLReporter -->
<testsuite ignored="3" hostname="DESKTOP-54PJQL5" failures="0" tests="2" name="Test" time="11.696" errors="0" timestamp="2026-05-29T07:14:53 IST">
  <testcase classname="testScripts.LoginTest" name="verifyInvalidUsernameInvalidPassword" time="1.049"/>
  <testcase classname="testScripts.LoginTest" name="verifyInvalidUsernameInvalidPassword" time="0.896"/>
  <testcase classname="testScripts.LoginTest" name="verifyLoginValidUsernameInvalidPassword" time="0.0">
    <ignored/>
  </testcase> <!-- verifyLoginValidUsernameInvalidPassword -->
  <testcase classname="testScripts.LoginTest" name="verifyInvalidUsernameValidPassword" time="0.0">
    <ignored/>
  </testcase> <!-- verifyInvalidUsernameValidPassword -->
  <testcase classname="testScripts.LoginTest" name="verifyUserLoginWithValidCredentials" time="0.0">
    <ignored/>
  </testcase> <!-- verifyUserLoginWithValidCredentials -->
</testsuite> <!-- Test -->
