<?xml version="1.0" encoding="UTF-8"?>
<!-- Generated by org.testng.reporters.JUnitXMLReporter -->
<testsuite ignored="0" hostname="DESKTOP-54PJQL5" failures="0" tests="8" name="Test" time="29.026" errors="0" timestamp="2026-05-19T07:45:10 IST">
  <testcase classname="testScripts.AdminUserTest" name="resetUserAfterSearch" time="3.589"/>
  <testcase classname="testScripts.AdminUserTest" name="verifyNewUserCreationAfterSuccesfullLogin" time="2.677"/>
  <testcase classname="testScripts.AdminUserTest" name="verifyUserSearchAfterUserCreation" time="1.873"/>
  <testcase classname="testScripts.LoginTest" name="verifyInvalidUsernameInvalidPassword" time="0.267"/>
  <testcase classname="testScripts.LoginTest" name="verifyInvalidUsernameValidPassword" time="0.255"/>
  <testcase classname="testScripts.LoginTest" name="verifyLoginValidUsernameInvalidPassword" time="0.461"/>
  <testcase classname="testScripts.LoginTest" name="verifyUserLoginWithValidCredentials" time="0.417"/>
  <testcase classname="testScripts.HomeTest" name="verifyUserLogoutAfterSuccesfullLogin" time="1.479"/>
</testsuite> <!-- Test -->
