<?xml version="1.0" encoding="UTF-8"?>
<testng-results ignored="0" total="4" passed="4" failed="0" skipped="0">
  <reporter-output>
  </reporter-output>
  <suite started-at="2026-05-11T07:38:06 IST" name="Default suite" finished-at="2026-05-11T07:38:16 IST" duration-ms="9643">
    <groups>
    </groups>
    <test started-at="2026-05-11T07:38:06 IST" name="Default test" finished-at="2026-05-11T07:38:16 IST" duration-ms="9643">
      <class name="testScripts.LoginTest">
        <test-method is-config="true" signature="browserLaunch()[pri:0, instance:testScripts.LoginTest@2a3b5b47]" started-at="2026-05-11T07:38:06 IST" name="browserLaunch" finished-at="2026-05-11T07:38:07 IST" duration-ms="1521" status="PASS">
          <reporter-output>
          </reporter-output>
        </test-method> <!-- browserLaunch -->
        <test-method signature="verifyInvalidUsernameInvalidPassword()[pri:0, instance:testScripts.LoginTest@2a3b5b47]" started-at="2026-05-11T07:38:07 IST" name="verifyInvalidUsernameInvalidPassword" finished-at="2026-05-11T07:38:08 IST" duration-ms="592" status="PASS">
          <reporter-output>
          </reporter-output>
        </test-method> <!-- verifyInvalidUsernameInvalidPassword -->
        <test-method is-config="true" signature="browserCloseAndQuit()[pri:0, instance:testScripts.LoginTest@2a3b5b47]" started-at="2026-05-11T07:38:08 IST" name="browserCloseAndQuit" finished-at="2026-05-11T07:38:08 IST" duration-ms="136" status="PASS">
          <reporter-output>
          </reporter-output>
        </test-method> <!-- browserCloseAndQuit -->
        <test-method is-config="true" signature="browserLaunch()[pri:0, instance:testScripts.LoginTest@2a3b5b47]" started-at="2026-05-11T07:38:08 IST" name="browserLaunch" finished-at="2026-05-11T07:38:09 IST" duration-ms="1176" status="PASS">
          <reporter-output>
          </reporter-output>
        </test-method> <!-- browserLaunch -->
        <test-method signature="verifyInvalidUsernameValidPassword()[pri:0, instance:testScripts.LoginTest@2a3b5b47]" started-at="2026-05-11T07:38:09 IST" name="verifyInvalidUsernameValidPassword" finished-at="2026-05-11T07:38:10 IST" duration-ms="310" status="PASS">
          <reporter-output>
          </reporter-output>
        </test-method> <!-- verifyInvalidUsernameValidPassword -->
        <test-method is-config="true" signature="browserCloseAndQuit()[pri:0, instance:testScripts.LoginTest@2a3b5b47]" started-at="2026-05-11T07:38:10 IST" name="browserCloseAndQuit" finished-at="2026-05-11T07:38:10 IST" duration-ms="136" status="PASS">
          <reporter-output>
          </reporter-output>
        </test-method> <!-- browserCloseAndQuit -->
        <test-method is-config="true" signature="browserLaunch()[pri:0, instance:testScripts.LoginTest@2a3b5b47]" started-at="2026-05-11T07:38:10 IST" name="browserLaunch" finished-at="2026-05-11T07:38:12 IST" duration-ms="2514" status="PASS">
          <reporter-output>
          </reporter-output>
        </test-method> <!-- browserLaunch -->
        <test-method signature="verifyLoginValidUsernameInvalidPassword()[pri:0, instance:testScripts.LoginTest@2a3b5b47]" started-at="2026-05-11T07:38:12 IST" name="verifyLoginValidUsernameInvalidPassword" finished-at="2026-05-11T07:38:13 IST" duration-ms="597" status="PASS">
          <reporter-output>
          </reporter-output>
        </test-method> <!-- verifyLoginValidUsernameInvalidPassword -->
        <test-method is-config="true" signature="browserCloseAndQuit()[pri:0, instance:testScripts.LoginTest@2a3b5b47]" started-at="2026-05-11T07:38:13 IST" name="browserCloseAndQuit" finished-at="2026-05-11T07:38:14 IST" duration-ms="837" status="PASS">
          <reporter-output>
          </reporter-output>
        </test-method> <!-- browserCloseAndQuit -->
        <test-method is-config="true" signature="browserLaunch()[pri:0, instance:testScripts.LoginTest@2a3b5b47]" started-at="2026-05-11T07:38:14 IST" name="browserLaunch" finished-at="2026-05-11T07:38:15 IST" duration-ms="1484" status="PASS">
          <reporter-output>
          </reporter-output>
        </test-method> <!-- browserLaunch -->
        <test-method signature="verifyUserLoginWithValidCredentials()[pri:0, instance:testScripts.LoginTest@2a3b5b47]" started-at="2026-05-11T07:38:15 IST" name="verifyUserLoginWithValidCredentials" finished-at="2026-05-11T07:38:15 IST" duration-ms="169" status="PASS">
          <reporter-output>
          </reporter-output>
        </test-method> <!-- verifyUserLoginWithValidCredentials -->
        <test-method is-config="true" signature="browserCloseAndQuit()[pri:0, instance:testScripts.LoginTest@2a3b5b47]" started-at="2026-05-11T07:38:15 IST" name="browserCloseAndQuit" finished-at="2026-05-11T07:38:16 IST" duration-ms="138" status="PASS">
          <reporter-output>
          </reporter-output>
        </test-method> <!-- browserCloseAndQuit -->
      </class> <!-- testScripts.LoginTest -->
    </test> <!-- Default test -->
  </suite> <!-- Default suite -->
</testng-results>
