<?xml version="1.0" encoding="UTF-8"?>
<!-- Generated by org.testng.reporters.JUnitXMLReporter -->
<testsuite ignored="2" hostname="DESKTOP-54PJQL5" failures="0" tests="1" name="Default test" time="4.672" errors="0" timestamp="2026-05-18T08:34:31 IST">
  <testcase classname="testScripts.AdminUserTest" name="verifyNewUserCreationAfterSuccesfullLogin" time="2.552"/>
  <testcase classname="testScripts.AdminUserTest" name="resetUserAfterSearch" time="0.0">
    <ignored/>
  </testcase> <!-- resetUserAfterSearch -->
  <testcase classname="testScripts.AdminUserTest" name="VerifyUserSearchAfterUserCreation" time="0.0">
    <ignored/>
  </testcase> <!-- VerifyUserSearchAfterUserCreation -->
</testsuite> <!-- Default test -->
