<?xml version="1.0" encoding="UTF-8"?>
<!-- Generated by org.testng.reporters.JUnitXMLReporter -->
<testsuite ignored="0" hostname="DESKTOP-54PJQL5" failures="0" tests="4" name="Default test" time="9.643" errors="0" timestamp="2026-05-11T07:38:16 IST">
  <testcase classname="testScripts.LoginTest" name="verifyInvalidUsernameInvalidPassword" time="0.592"/>
  <testcase classname="testScripts.LoginTest" name="verifyInvalidUsernameValidPassword" time="0.31"/>
  <testcase classname="testScripts.LoginTest" name="verifyLoginValidUsernameInvalidPassword" time="0.597"/>
  <testcase classname="testScripts.LoginTest" name="verifyUserLoginWithValidCredentials" time="0.169"/>
</testsuite> <!-- Default test -->
