<?xml version="1.0" encoding="UTF-8"?>
<!-- Generated by org.testng.reporters.JUnitXMLReporter -->
<testsuite ignored="0" hostname="DESKTOP-54PJQL5" failures="0" tests="4" name="Test1" time="21.927" errors="0" timestamp="2026-05-26T07:12:19 IST">
  <testcase classname="testScripts.LoginTest" name="verifyUserLoginWithValidCredentials" time="3.527"/>
  <testcase classname="testScripts.LoginTest" name="verifyLoginValidUsernameInvalidPassword" time="1.197"/>
  <testcase classname="testScripts.LoginTest" name="verifyInvalidUsernameValidPassword" time="1.204"/>
  <testcase classname="testScripts.LoginTest" name="verifyInvalidUsernameInvalidPassword" time="1.158"/>
</testsuite> <!-- Test1 -->
