<?xml version="1.0" encoding="UTF-8"?>
<!-- Generated by org.testng.reporters.JUnitXMLReporter -->
<testsuite ignored="3" hostname="DESKTOP-54PJQL5" failures="0" tests="1" name="Chrome Test" time="24.305" errors="0" timestamp="2026-05-24T12:19:27 IST">
  <testcase classname="testScripts.LoginTest" name="verifyLoginValidUsernameInvalidPassword" time="1.256"/>
  <testcase classname="testScripts.LoginTest" name="verifyInvalidUsernameInvalidPassword" time="0.0">
    <ignored/>
  </testcase> <!-- verifyInvalidUsernameInvalidPassword -->
  <testcase classname="testScripts.LoginTest" name="verifyInvalidUsernameValidPassword" time="0.0">
    <ignored/>
  </testcase> <!-- verifyInvalidUsernameValidPassword -->
  <testcase classname="testScripts.LoginTest" name="verifyUserLoginWithValidCredentials" time="0.0">
    <ignored/>
  </testcase> <!-- verifyUserLoginWithValidCredentials -->
</testsuite> <!-- Chrome Test -->
