<?xml version="1.0" encoding="UTF-8"?>
<!-- Generated by org.testng.reporters.JUnitXMLReporter -->
<testsuite ignored="3" hostname="DESKTOP-54PJQL5" failures="0" tests="1" name="FireFox Test" time="15.92" errors="0" timestamp="2026-05-24T12:19:43 IST">
  <testcase classname="testScripts.LoginTest" name="verifyLoginValidUsernameInvalidPassword" time="0.266"/>
  <testcase classname="testScripts.LoginTest" name="verifyInvalidUsernameInvalidPassword" time="0.0">
    <ignored/>
  </testcase> <!-- verifyInvalidUsernameInvalidPassword -->
  <testcase classname="testScripts.LoginTest" name="verifyInvalidUsernameValidPassword" time="0.0">
    <ignored/>
  </testcase> <!-- verifyInvalidUsernameValidPassword -->
  <testcase classname="testScripts.LoginTest" name="verifyUserLoginWithValidCredentials" time="0.0">
    <ignored/>
  </testcase> <!-- verifyUserLoginWithValidCredentials -->
</testsuite> <!-- FireFox Test -->
